<test>
    <ide-script entry-id="1">composrIDEtest.xml</ide-script>
</test>
